{"C:\\Users\\PC\\Documents\\Cursos\\Curso-platzi\\Curso - Jest\\src\\index.js": {"path":"C:\\Users\\PC\\Documents\\Cursos\\Curso-platzi\\Curso - Jest\\src\\index.js","statementMap":{"0":{"start":{"line":1,"column":15},"end":{"line":45,"column":1}},"1":{"start":{"line":47,"column":21},"end":{"line":50,"column":1}},"2":{"start":{"line":48,"column":17},"end":{"line":48,"column":66}},"3":{"start":{"line":49,"column":2},"end":{"line":49,"column":16}},"4":{"start":{"line":52,"column":17},"end":{"line":59,"column":1}},"5":{"start":{"line":53,"column":2},"end":{"line":58,"column":5}},"6":{"start":{"line":54,"column":4},"end":{"line":56,"column":5}},"7":{"start":{"line":55,"column":6},"end":{"line":55,"column":59}},"8":{"start":{"line":57,"column":4},"end":{"line":57,"column":46}},"9":{"start":{"line":61,"column":0},"end":{"line":61,"column":30}}},"fnMap":{"0":{"name":"(anonymous_0)","decl":{"start":{"line":47,"column":21},"end":{"line":47,"column":22}},"loc":{"start":{"line":47,"column":27},"end":{"line":50,"column":1}},"line":47},"1":{"name":"(anonymous_1)","decl":{"start":{"line":52,"column":17},"end":{"line":52,"column":18}},"loc":{"start":{"line":52,"column":26},"end":{"line":59,"column":1}},"line":52},"2":{"name":"(anonymous_2)","decl":{"start":{"line":53,"column":21},"end":{"line":53,"column":22}},"loc":{"start":{"line":53,"column":42},"end":{"line":58,"column":3}},"line":53}},"branchMap":{"0":{"loc":{"start":{"line":54,"column":4},"end":{"line":56,"column":5}},"type":"if","locations":[{"start":{"line":54,"column":4},"end":{"line":56,"column":5}},{"start":{"line":54,"column":4},"end":{"line":56,"column":5}}],"line":54}},"s":{"0":1,"1":1,"2":2,"3":2,"4":1,"5":0,"6":0,"7":0,"8":0,"9":1},"f":{"0":2,"1":0,"2":0},"b":{"0":[0,0]},"_coverageSchema":"1a1c01bbd47fc00a2c39e90264f33305004495a9","hash":"0f2436ffc4f9f90490cfa22042bea016cf284d8b"}
}
